<?xml version="1.0" encoding="UTF-8"?>
<!-- Generated by org.testng.reporters.JUnitReportReporter -->
<testsuite skipped="1" hostname="DELL-PC" name="TestCases.LoginTestcase" tests="2" failures="0" timestamp="19 Jun 2019 16:08:07 GMT" time="65.422" errors="0">
  <testcase name="LoginTest" time="65.422" classname="TestCases.LoginTestcase"/>
  <testcase name="LoginPageTest" classname="TestCases.LoginTestcase">
    <skipped/>
  </testcase> <!-- LoginPageTest -->
</testsuite> <!-- TestCases.LoginTestcase -->
