<?xml version="1.0" encoding="UTF-8"?>
<!-- Generated by org.testng.reporters.JUnitReportReporter -->
<testsuite skipped="0" hostname="DELL-PC" name="TestCases.Click_On_Login_Test" tests="1" failures="0" timestamp="19 Jun 2019 16:08:07 GMT" time="83.996" errors="0">
  <testcase name="clickOnLoginTest" time="83.996" classname="TestCases.Click_On_Login_Test"/>
</testsuite> <!-- TestCases.Click_On_Login_Test -->
